<?xml version="1.0" encoding="UTF-8"?>
<!-- Generated by org.testng.reporters.JUnitReportReporter -->
<testsuite skipped="0" hostname="HYDHTC219191L" name="com.api.test.CarbonCreditsScenario" tests="1" failures="0" timestamp="14 Oct 2019 10:05:22 GMT" time="2.510" errors="0">
  <testcase name="validateElementsOfCarbonCreditsApi" time="2.510" classname="com.api.test.CarbonCreditsScenario"/>
</testsuite> <!-- com.api.test.CarbonCreditsScenario -->
